[debug] [2025-09-10T06:12:21.206Z] ----------------------------------------------------------------------
[debug] [2025-09-10T06:12:21.211Z] Command:       C:\Program Files\nodejs\node.exe C:\Users\hp\AppData\Roaming\npm\node_modules\firebase-tools\lib\bin\firebase.js login --reauth
[debug] [2025-09-10T06:12:21.212Z] CLI Version:   14.15.2
[debug] [2025-09-10T06:12:21.213Z] Platform:      win32
[debug] [2025-09-10T06:12:21.213Z] Node Version:  v20.18.1
[debug] [2025-09-10T06:12:21.213Z] Time:          Wed Sep 10 2025 11:42:21 GMT+0530 (India Standard Time)
[debug] [2025-09-10T06:12:21.213Z] ----------------------------------------------------------------------
[debug] 
[info] 
[info] Visit this URL on this device to log in:
[info] https://accounts.google.com/o/oauth2/auth?client_id=563584335869-fgrhgmd47bqnekij5i8b5pr03ho849e6.apps.googleusercontent.com&scope=email%20openid%20https%3A%2F%2Fwww.googleapis.com%2Fauth%2Fcloudplatformprojects.readonly%20https%3A%2F%2Fwww.googleapis.com%2Fauth%2Ffirebase%20https%3A%2F%2Fwww.googleapis.com%2Fauth%2Fcloud-platform&response_type=code&state=655272436&redirect_uri=http%3A%2F%2Flocalhost%3A9005
[info] 
[info] Waiting for authentication...
[debug] [2025-09-10T06:12:30.894Z] >>> [apiv2][query] POST https://accounts.google.com/o/oauth2/token [none]
[debug] [2025-09-10T06:12:30.894Z] >>> [apiv2][body] POST https://accounts.google.com/o/oauth2/token [omitted]
[debug] [2025-09-10T06:12:31.412Z] <<< [apiv2][status] POST https://accounts.google.com/o/oauth2/token 200
[debug] [2025-09-10T06:12:31.413Z] <<< [apiv2][body] POST https://accounts.google.com/o/oauth2/token [omitted]
[info] 
[info] +  Success! Logged in as rahulgheek1@gmail.com 
[debug] [2025-09-10T06:12:41.509Z] Error: Timed out.
    at Timeout._onTimeout (C:\Users\hp\AppData\Roaming\npm\node_modules\firebase-tools\lib\utils.js:273:49)
    at listOnTimeout (node:internal/timers:581:17)
    at process.processTimers (node:internal/timers:519:7)
[error] 
[error] Error: An unexpected error has occurred.
